[debug] [2025-11-02T08:03:24.148Z] ----------------------------------------------------------------------
[debug] [2025-11-02T08:03:24.150Z] Command:       /Users/moon/.nvm/versions/node/v20.19.4/bin/node /Users/moon/.nvm/versions/node/v20.19.4/bin/firebase apps:list --project forms-d2774
[debug] [2025-11-02T08:03:24.150Z] CLI Version:   14.17.0
[debug] [2025-11-02T08:03:24.150Z] Platform:      darwin
[debug] [2025-11-02T08:03:24.150Z] Node Version:  v20.19.4
[debug] [2025-11-02T08:03:24.150Z] Time:          Sun Nov 02 2025 17:03:24 GMT+0900 (Korean Standard Time)
[debug] [2025-11-02T08:03:24.150Z] ----------------------------------------------------------------------
[debug] 
[debug] [2025-11-02T08:03:24.154Z] > command requires scopes: ["email","openid","https://www.googleapis.com/auth/cloudplatformprojects.readonly","https://www.googleapis.com/auth/firebase","https://www.googleapis.com/auth/cloud-platform"]
[debug] [2025-11-02T08:03:24.154Z] > authorizing via signed-in user (jpmjkim23@gmail.com)
[debug] [2025-11-02T08:03:24.157Z] Checked if tokens are valid: true, expires at: 1762074179036
[debug] [2025-11-02T08:03:24.157Z] Checked if tokens are valid: true, expires at: 1762074179036
[debug] [2025-11-02T08:03:24.157Z] >>> [apiv2][query] GET https://firebase.googleapis.com/v1beta1/projects/forms-d2774:searchApps pageSize=100
[debug] [2025-11-02T08:03:24.628Z] <<< [apiv2][status] GET https://firebase.googleapis.com/v1beta1/projects/forms-d2774:searchApps 403
[debug] [2025-11-02T08:03:24.628Z] <<< [apiv2][body] GET https://firebase.googleapis.com/v1beta1/projects/forms-d2774:searchApps {"error":{"code":403,"message":"The caller does not have permission","status":"PERMISSION_DENIED"}}
[debug] [2025-11-02T08:03:24.629Z] Request to https://firebase.googleapis.com/v1beta1/projects/forms-d2774:searchApps?pageSize=100 had HTTP Error: 403, The caller does not have permission
[debug] [2025-11-02T08:03:24.875Z] FirebaseError: Request to https://firebase.googleapis.com/v1beta1/projects/forms-d2774:searchApps?pageSize=100 had HTTP Error: 403, The caller does not have permission
    at responseToError (/Users/moon/.nvm/versions/node/v20.19.4/lib/node_modules/firebase-tools/lib/responseToError.js:52:12)
    at RetryOperation._fn (/Users/moon/.nvm/versions/node/v20.19.4/lib/node_modules/firebase-tools/lib/apiv2.js:312:77)
    at process.processTicksAndRejections (node:internal/process/task_queues:95:5)
[error] 
[error] Error: Failed to list Firebase apps. See firebase-debug.log for more info.
